<?xml version="1.0" encoding="UTF-8"?>
<!-- Generated by org.testng.reporters.JUnitReportReporter -->
<testsuite hostname="BLRKEC397121L" failures="0" tests="1" name="testCases.TC002_LoginTest" time="3.371" errors="0" timestamp="2025-01-30T11:23:08 IST" skipped="0">
  <testcase classname="testCases.TC002_LoginTest" name="verify_login" time="3.371"/>
</testsuite> <!-- testCases.TC002_LoginTest -->
